Building DAG of jobs...
Using shell: /bin/bash
Provided cores: 1 (use --cores to define parallelism)
Rules claiming more threads will be scaled down.
Job stats:
job                              count    min threads    max threads
-----------------------------  -------  -------------  -------------
all                                  1              1              1
compile_discharge                    1              1              1
create_catchment_dictionaries        1              1              1
get_NHM_data                         1              1              1
get_model_outputs                    1              1              1
make_model_shapefile                 1              1              1
total                                6              1              1


[Wed Jul  7 18:24:20 2021]
rule make_model_shapefile:
    output: out_CoastalCT_ext/modelGrid.shp
    jobid: 5
    resources: tmpdir=/tmp

[Wed Jul  7 18:25:38 2021]
Finished job 5.
1 of 6 steps (17%) done

[Wed Jul  7 18:25:38 2021]
rule get_NHM_data:
    output: out_CoastalCT_ext/GFv1.1.gdb
    jobid: 4
    resources: tmpdir=/tmp

[Wed Jul  7 18:30:51 2021]
Finished job 4.
2 of 6 steps (33%) done

[Wed Jul  7 18:30:51 2021]
rule create_catchment_dictionaries:
    input: out_CoastalCT_ext/GFv1.1.gdb, out_CoastalCT_ext/modelGrid.shp
    output: out_CoastalCT_ext/local_catch_dict.npy, out_CoastalCT_ext/upstream_catch_dict.npy
    jobid: 3
    resources: tmpdir=/tmp

[Wed Jul  7 18:32:37 2021]
Finished job 3.
3 of 6 steps (50%) done

[Wed Jul  7 18:32:37 2021]
rule get_model_outputs:
    output: out_CoastalCT_ext/Model_Outputs.csv
    jobid: 2
    resources: tmpdir=/tmp

[Wed Jul  7 18:32:40 2021]
Finished job 2.
4 of 6 steps (67%) done

[Wed Jul  7 18:32:40 2021]
rule compile_discharge:
    input: out_CoastalCT_ext/Model_Outputs.csv, out_CoastalCT_ext/local_catch_dict.npy, out_CoastalCT_ext/upstream_catch_dict.npy
    output: out_CoastalCT_ext/CatchmentDischarge.csv
    jobid: 1
    resources: tmpdir=/tmp

[Wed Jul  7 18:32:43 2021]
Finished job 1.
5 of 6 steps (83%) done

[Wed Jul  7 18:32:43 2021]
localrule all:
    input: out_CoastalCT_ext/CatchmentDischarge.csv
    jobid: 0
    resources: tmpdir=/tmp

[Wed Jul  7 18:32:43 2021]
Finished job 0.
6 of 6 steps (100%) done
Complete log: /home/jovyan/GW_Models/.snakemake/log/2021-07-07T182419.212806.snakemake.log
