Building DAG of jobs...
Using shell: /bin/bash
Provided cores: 1 (use --cores to define parallelism)
Rules claiming more threads will be scaled down.
Job stats:
job                  count    min threads    max threads
-----------------  -------  -------------  -------------
all                      1              1              1
compile_discharge        1              1              1
total                    2              1              1


[Tue Jul  6 19:09:42 2021]
rule compile_discharge:
    input: out_CoastalCT_ext/Model_Outputs.csv, out_CoastalCT_ext/local_catch_dict.npy, out_CoastalCT_ext/upstream_catch_dict.npy
    output: out_CoastalCT_ext/CatchmentDischarge.csv
    jobid: 1
    resources: tmpdir=/tmp

[Tue Jul  6 19:09:45 2021]
Finished job 1.
1 of 2 steps (50%) done

[Tue Jul  6 19:09:45 2021]
localrule all:
    input: out_CoastalCT_ext/CatchmentDischarge.csv
    jobid: 0
    resources: tmpdir=/tmp

[Tue Jul  6 19:09:45 2021]
Finished job 0.
2 of 2 steps (100%) done
Complete log: /home/jovyan/GW_Models/.snakemake/log/2021-07-06T190941.598031.snakemake.log
